2018-08-20T01:13:16.917Z - normal: Load ~/.CocosCreator/settings.json
2018-08-20T01:13:16.921Z - normal: checking language setting...
2018-08-20T01:13:16.921Z - normal: Language: zh
2018-08-20T01:13:18.555Z - success: protocol editor-framework registered
2018-08-20T01:13:18.555Z - success: protocol app registered
2018-08-20T01:13:18.555Z - success: protocol theme registered
2018-08-20T01:13:18.556Z - success: protocol packages registered
2018-08-20T01:13:18.556Z - success: protocol unpack registerred
2018-08-20T01:13:18.556Z - success: protocol disable-commonjs registerred
2018-08-20T01:13:18.828Z - normal: connected!
2018-08-20T01:13:18.855Z - normal: Check project F:\developGame\mindStorm\SubGame
2018-08-20T01:13:18.861Z - normal: Initializing Cocos2d
2018-08-20T01:13:19.244Z - normal: Initializing Asset Database
2018-08-20T01:13:19.281Z - success: protocol uuid registerred
2018-08-20T01:13:19.281Z - success: protocol db registerred
2018-08-20T01:13:19.281Z - success: protocol thumbnail registerred
2018-08-20T01:13:19.281Z - normal: Loading editor/builtin packages
2018-08-20T01:13:19.297Z - success: anysdk loaded
2018-08-20T01:13:19.395Z - success: assets loaded
2018-08-20T01:13:19.397Z - success: builder loaded
2018-08-20T01:13:19.398Z - success: cocos-analytics loaded
2018-08-20T01:13:19.400Z - success: console loaded
2018-08-20T01:13:19.433Z - success: fb-instant-games loaded
2018-08-20T01:13:19.435Z - success: hierarchy loaded
2018-08-20T01:13:19.437Z - success: inspector loaded
2018-08-20T01:13:19.438Z - success: keystore loaded
2018-08-20T01:13:19.440Z - success: node-library loaded
2018-08-20T01:13:19.441Z - success: package-asset loaded
2018-08-20T01:13:19.442Z - success: preferences loaded
2018-08-20T01:13:19.448Z - success: project-exporter loaded
2018-08-20T01:13:19.460Z - success: project-importer loaded
2018-08-20T01:13:19.462Z - success: project-settings loaded
2018-08-20T01:13:19.463Z - success: ui-kit loaded
2018-08-20T01:13:19.464Z - success: ui-grid loaded
2018-08-20T01:13:19.466Z - success: scene loaded
2018-08-20T01:13:19.466Z - success: sprite-editor loaded
2018-08-20T01:13:19.468Z - success: store loaded
2018-08-20T01:13:19.471Z - success: timeline loaded
2018-08-20T01:13:19.471Z - normal: Loading builtin packages
2018-08-20T01:13:19.473Z - success: asset-db-debugger loaded
2018-08-20T01:13:19.474Z - success: code-editor loaded
2018-08-20T01:13:19.474Z - success: color-picker loaded
2018-08-20T01:13:19.475Z - success: package-manager loaded
2018-08-20T01:13:19.478Z - success: sdkbox loaded
2018-08-20T01:13:19.480Z - success: tester loaded
2018-08-20T01:13:19.481Z - success: ui-kit-preview-extra loaded
2018-08-20T01:13:19.482Z - success: ui-kit-preview loaded
2018-08-20T01:13:19.482Z - success: ui-tree loaded
2018-08-20T01:13:20.391Z - normal: Initializing project F:\developGame\mindStorm\SubGame
2018-08-20T01:13:20.402Z - normal: Loading packages
2018-08-20T01:13:20.454Z - success: unpack-textureatlas loaded
2018-08-20T01:13:20.454Z - normal: Watching packages
2018-08-20T01:13:20.467Z - normal: Run Application
2018-08-20T01:13:20.841Z - success: preview server running at http://localhost:7456
2018-08-20T01:13:24.215Z - normal: 1.9.1
2018-08-20T01:52:46.627Z - info: shutdown preview server
