2018-09-26T05:50:17.556Z - normal: Load ~/.CocosCreator/settings.json
2018-09-26T05:50:17.559Z - normal: checking language setting...
2018-09-26T05:50:17.559Z - normal: Language: zh
2018-09-26T05:50:19.193Z - success: protocol editor-framework registered
2018-09-26T05:50:19.193Z - success: protocol app registered
2018-09-26T05:50:19.193Z - success: protocol theme registered
2018-09-26T05:50:19.193Z - success: protocol packages registered
2018-09-26T05:50:19.193Z - success: protocol unpack registerred
2018-09-26T05:50:19.193Z - success: protocol disable-commonjs registerred
2018-09-26T05:50:19.466Z - normal: connected!
2018-09-26T05:50:19.468Z - normal: Check project F:\developGame\duopaiGame\mindStorm2
2018-09-26T05:50:19.471Z - normal: Initializing Cocos2d
2018-09-26T05:50:19.650Z - normal: Initializing Asset Database
2018-09-26T05:50:19.682Z - success: protocol uuid registerred
2018-09-26T05:50:19.682Z - success: protocol db registerred
2018-09-26T05:50:19.682Z - success: protocol thumbnail registerred
2018-09-26T05:50:19.683Z - normal: Loading editor/builtin packages
2018-09-26T05:50:19.698Z - success: anysdk loaded
2018-09-26T05:50:19.794Z - success: assets loaded
2018-09-26T05:50:19.795Z - success: builder loaded
2018-09-26T05:50:19.797Z - success: cocos-analytics loaded
2018-09-26T05:50:19.799Z - success: console loaded
2018-09-26T05:50:19.831Z - success: fb-instant-games loaded
2018-09-26T05:50:19.833Z - success: hierarchy loaded
2018-09-26T05:50:19.835Z - success: inspector loaded
2018-09-26T05:50:19.835Z - success: keystore loaded
2018-09-26T05:50:19.837Z - success: node-library loaded
2018-09-26T05:50:19.838Z - success: package-asset loaded
2018-09-26T05:50:19.844Z - success: preferences loaded
2018-09-26T05:50:19.845Z - success: project-exporter loaded
2018-09-26T05:50:19.857Z - success: project-importer loaded
2018-09-26T05:50:19.858Z - success: project-settings loaded
2018-09-26T05:50:19.860Z - success: ui-kit loaded
2018-09-26T05:50:19.861Z - success: ui-grid loaded
2018-09-26T05:50:19.863Z - success: scene loaded
2018-09-26T05:50:19.863Z - success: sprite-editor loaded
2018-09-26T05:50:19.865Z - success: store loaded
2018-09-26T05:50:19.868Z - success: timeline loaded
2018-09-26T05:50:19.868Z - normal: Loading builtin packages
2018-09-26T05:50:19.869Z - success: asset-db-debugger loaded
2018-09-26T05:50:19.870Z - success: code-editor loaded
2018-09-26T05:50:19.870Z - success: color-picker loaded
2018-09-26T05:50:19.872Z - success: package-manager loaded
2018-09-26T05:50:19.876Z - success: sdkbox loaded
2018-09-26T05:50:19.877Z - success: tester loaded
2018-09-26T05:50:19.878Z - success: ui-kit-preview-extra loaded
2018-09-26T05:50:19.879Z - success: ui-kit-preview loaded
2018-09-26T05:50:19.880Z - success: ui-tree loaded
2018-09-26T05:50:20.786Z - normal: Initializing project F:\developGame\duopaiGame\mindStorm2
2018-09-26T05:50:20.788Z - normal: Loading packages
2018-09-26T05:50:20.839Z - success: unpack-textureatlas loaded
2018-09-26T05:50:20.839Z - normal: Watching packages
2018-09-26T05:50:20.851Z - normal: Run Application
2018-09-26T05:50:23.402Z - success: preview server running at http://localhost:7456
2018-09-26T05:50:27.229Z - normal: 1.9.1
2018-09-26T05:50:27.663Z - warn: Please specifiy a default value for "choiceIcon" property at its declaration: 😂
    // Before:
    @property(...)
    value;

    // After:
    @property(...)
    value = 0;
2018-09-26T05:50:27.664Z - warn: Please specifiy a default value for "morePower" property at its declaration: 😂
    // Before:
    @property(...)
    value;

    // After:
    @property(...)
    value = 0;
2018-09-26T05:50:27.678Z - warn: Please specifiy a default value for "loadingPrefab" property at its declaration: 😂
    // Before:
    @property(...)
    value;

    // After:
    @property(...)
    value = 0;
2018-09-26T05:50:27.678Z - warn: Please specifiy a default value for "startPrefab" property at its declaration: 😂
    // Before:
    @property(...)
    value;

    // After:
    @property(...)
    value = 0;
2018-09-26T05:50:27.682Z - warn: Please specifiy a default value for "headPrefab" property at its declaration: 😂
    // Before:
    @property(...)
    value;

    // After:
    @property(...)
    value = 0;
2018-09-26T05:50:27.683Z - warn: Please specifiy a default value for "otherRankItem" property at its declaration: 😂
    // Before:
    @property(...)
    value;

    // After:
    @property(...)
    value = 0;
2018-09-26T05:50:27.773Z - warn: The Asset used by component "cc.Sprite" in prefab "PromptDialog.prefab" is missing. Detailed information:
Node path: "PromptDialog/button_close"
Asset url: "db://assets/Res/prefab/view/PromptDialog.prefab"
Missing uuid: "815af676-ff09-4577-8ef2-a5facf6dfa6d"

2018-09-26T05:50:27.774Z - warn: The Asset used by component "cc.Sprite" in prefab "PromptDialog.prefab" is missing. Detailed information:
Node path: "PromptDialog/btns/button_sure"
Asset url: "db://assets/Res/prefab/view/PromptDialog.prefab"
Missing uuid: "d23df4d5-b67a-4116-a46d-ff9f351a237d"

2018-09-26T05:50:27.775Z - warn: The Asset used by component "cc.Sprite" in prefab "PromptDialog.prefab" is missing. Detailed information:
Node path: "PromptDialog/btns/button_cancel"
Asset url: "db://assets/Res/prefab/view/PromptDialog.prefab"
Missing uuid: "444d6208-1986-4b5d-b48b-542642bcf1b7"

2018-09-26T05:50:27.776Z - warn: The Asset used by component "cc.Sprite" in prefab "PromptDialog.prefab" is missing. Detailed information:
Node path: "PromptDialog"
Asset url: "db://assets/Res/prefab/view/PromptDialog.prefab"
Missing uuid: "2deb2834-ba4f-4fa8-b220-e822f5fa1c9f"

2018-09-26T06:08:14.406Z - warn: Please specifiy a default value for "choiceIcon" property at its declaration: 😂
    // Before:
    @property(...)
    value;

    // After:
    @property(...)
    value = 0;
2018-09-26T06:08:14.408Z - warn: Please specifiy a default value for "morePower" property at its declaration: 😂
    // Before:
    @property(...)
    value;

    // After:
    @property(...)
    value = 0;
2018-09-26T06:08:14.409Z - warn: Please specifiy a default value for "loadingPrefab" property at its declaration: 😂
    // Before:
    @property(...)
    value;

    // After:
    @property(...)
    value = 0;
2018-09-26T06:08:14.409Z - warn: Please specifiy a default value for "startPrefab" property at its declaration: 😂
    // Before:
    @property(...)
    value;

    // After:
    @property(...)
    value = 0;
2018-09-26T06:08:14.409Z - warn: Please specifiy a default value for "headPrefab" property at its declaration: 😂
    // Before:
    @property(...)
    value;

    // After:
    @property(...)
    value = 0;
2018-09-26T06:08:14.409Z - warn: Please specifiy a default value for "otherRankItem" property at its declaration: 😂
    // Before:
    @property(...)
    value;

    // After:
    @property(...)
    value = 0;
2018-09-26T06:08:14.496Z - warn: The Asset used by component "cc.Sprite" in prefab "PromptDialog.prefab" is missing. Detailed information:
Node path: "PromptDialog/button_close"
Asset url: "db://assets/Res/prefab/view/PromptDialog.prefab"
Missing uuid: "815af676-ff09-4577-8ef2-a5facf6dfa6d"

2018-09-26T06:08:14.497Z - warn: The Asset used by component "cc.Sprite" in prefab "PromptDialog.prefab" is missing. Detailed information:
Node path: "PromptDialog/btns/button_sure"
Asset url: "db://assets/Res/prefab/view/PromptDialog.prefab"
Missing uuid: "d23df4d5-b67a-4116-a46d-ff9f351a237d"

2018-09-26T06:08:14.497Z - warn: The Asset used by component "cc.Sprite" in prefab "PromptDialog.prefab" is missing. Detailed information:
Node path: "PromptDialog/btns/button_cancel"
Asset url: "db://assets/Res/prefab/view/PromptDialog.prefab"
Missing uuid: "444d6208-1986-4b5d-b48b-542642bcf1b7"

2018-09-26T06:08:14.497Z - warn: The Asset used by component "cc.Sprite" in prefab "PromptDialog.prefab" is missing. Detailed information:
Node path: "PromptDialog"
Asset url: "db://assets/Res/prefab/view/PromptDialog.prefab"
Missing uuid: "2deb2834-ba4f-4fa8-b220-e822f5fa1c9f"

2018-09-26T06:08:27.794Z - warn: Please specifiy a default value for "choiceIcon" property at its declaration: 😂
    // Before:
    @property(...)
    value;

    // After:
    @property(...)
    value = 0;
2018-09-26T06:08:27.795Z - warn: Please specifiy a default value for "morePower" property at its declaration: 😂
    // Before:
    @property(...)
    value;

    // After:
    @property(...)
    value = 0;
2018-09-26T06:08:27.799Z - warn: Please specifiy a default value for "loadingPrefab" property at its declaration: 😂
    // Before:
    @property(...)
    value;

    // After:
    @property(...)
    value = 0;
2018-09-26T06:08:27.799Z - warn: Please specifiy a default value for "startPrefab" property at its declaration: 😂
    // Before:
    @property(...)
    value;

    // After:
    @property(...)
    value = 0;
2018-09-26T06:08:27.801Z - warn: Please specifiy a default value for "headPrefab" property at its declaration: 😂
    // Before:
    @property(...)
    value;

    // After:
    @property(...)
    value = 0;
2018-09-26T06:08:27.801Z - warn: Please specifiy a default value for "otherRankItem" property at its declaration: 😂
    // Before:
    @property(...)
    value;

    // After:
    @property(...)
    value = 0;
2018-09-26T06:08:27.931Z - warn: The Asset used by component "cc.Sprite" in prefab "PromptDialog.prefab" is missing. Detailed information:
Node path: "PromptDialog/button_close"
Asset url: "db://assets/Res/prefab/view/PromptDialog.prefab"
Missing uuid: "815af676-ff09-4577-8ef2-a5facf6dfa6d"

2018-09-26T06:08:27.932Z - warn: The Asset used by component "cc.Sprite" in prefab "PromptDialog.prefab" is missing. Detailed information:
Node path: "PromptDialog/btns/button_sure"
Asset url: "db://assets/Res/prefab/view/PromptDialog.prefab"
Missing uuid: "d23df4d5-b67a-4116-a46d-ff9f351a237d"

2018-09-26T06:08:27.932Z - warn: The Asset used by component "cc.Sprite" in prefab "PromptDialog.prefab" is missing. Detailed information:
Node path: "PromptDialog/btns/button_cancel"
Asset url: "db://assets/Res/prefab/view/PromptDialog.prefab"
Missing uuid: "444d6208-1986-4b5d-b48b-542642bcf1b7"

2018-09-26T06:08:27.933Z - warn: The Asset used by component "cc.Sprite" in prefab "PromptDialog.prefab" is missing. Detailed information:
Node path: "PromptDialog"
Asset url: "db://assets/Res/prefab/view/PromptDialog.prefab"
Missing uuid: "2deb2834-ba4f-4fa8-b220-e822f5fa1c9f"

2018-09-26T06:09:08.284Z - warn: Please specifiy a default value for "choiceIcon" property at its declaration: 😂
    // Before:
    @property(...)
    value;

    // After:
    @property(...)
    value = 0;
2018-09-26T06:09:08.284Z - warn: Please specifiy a default value for "morePower" property at its declaration: 😂
    // Before:
    @property(...)
    value;

    // After:
    @property(...)
    value = 0;
2018-09-26T06:09:08.290Z - warn: Please specifiy a default value for "loadingPrefab" property at its declaration: 😂
    // Before:
    @property(...)
    value;

    // After:
    @property(...)
    value = 0;
2018-09-26T06:09:08.290Z - warn: Please specifiy a default value for "startPrefab" property at its declaration: 😂
    // Before:
    @property(...)
    value;

    // After:
    @property(...)
    value = 0;
2018-09-26T06:09:08.293Z - warn: Please specifiy a default value for "headPrefab" property at its declaration: 😂
    // Before:
    @property(...)
    value;

    // After:
    @property(...)
    value = 0;
2018-09-26T06:09:08.293Z - warn: Please specifiy a default value for "otherRankItem" property at its declaration: 😂
    // Before:
    @property(...)
    value;

    // After:
    @property(...)
    value = 0;
2018-09-26T06:09:08.463Z - warn: The Asset used by component "cc.Sprite" in prefab "PromptDialog.prefab" is missing. Detailed information:
Node path: "PromptDialog/button_close"
Asset url: "db://assets/Res/prefab/view/PromptDialog.prefab"
Missing uuid: "815af676-ff09-4577-8ef2-a5facf6dfa6d"

2018-09-26T06:09:08.463Z - warn: The Asset used by component "cc.Sprite" in prefab "PromptDialog.prefab" is missing. Detailed information:
Node path: "PromptDialog/btns/button_sure"
Asset url: "db://assets/Res/prefab/view/PromptDialog.prefab"
Missing uuid: "d23df4d5-b67a-4116-a46d-ff9f351a237d"

2018-09-26T06:09:08.464Z - warn: The Asset used by component "cc.Sprite" in prefab "PromptDialog.prefab" is missing. Detailed information:
Node path: "PromptDialog/btns/button_cancel"
Asset url: "db://assets/Res/prefab/view/PromptDialog.prefab"
Missing uuid: "444d6208-1986-4b5d-b48b-542642bcf1b7"

2018-09-26T06:09:08.464Z - warn: The Asset used by component "cc.Sprite" in prefab "PromptDialog.prefab" is missing. Detailed information:
Node path: "PromptDialog"
Asset url: "db://assets/Res/prefab/view/PromptDialog.prefab"
Missing uuid: "2deb2834-ba4f-4fa8-b220-e822f5fa1c9f"

2018-09-26T06:10:47.970Z - warn: Please specifiy a default value for "choiceIcon" property at its declaration: 😂
    // Before:
    @property(...)
    value;

    // After:
    @property(...)
    value = 0;
2018-09-26T06:10:47.971Z - warn: Please specifiy a default value for "morePower" property at its declaration: 😂
    // Before:
    @property(...)
    value;

    // After:
    @property(...)
    value = 0;
2018-09-26T06:10:47.975Z - warn: Please specifiy a default value for "loadingPrefab" property at its declaration: 😂
    // Before:
    @property(...)
    value;

    // After:
    @property(...)
    value = 0;
2018-09-26T06:10:47.975Z - warn: Please specifiy a default value for "startPrefab" property at its declaration: 😂
    // Before:
    @property(...)
    value;

    // After:
    @property(...)
    value = 0;
2018-09-26T06:10:48.102Z - warn: Please specifiy a default value for "headPrefab" property at its declaration: 😂
    // Before:
    @property(...)
    value;

    // After:
    @property(...)
    value = 0;
2018-09-26T06:10:48.102Z - warn: Please specifiy a default value for "otherRankItem" property at its declaration: 😂
    // Before:
    @property(...)
    value;

    // After:
    @property(...)
    value = 0;
2018-09-26T06:10:48.190Z - warn: The Asset used by component "cc.Sprite" in prefab "PromptDialog.prefab" is missing. Detailed information:
Node path: "PromptDialog/button_close"
Asset url: "db://assets/Res/prefab/view/PromptDialog.prefab"
Missing uuid: "815af676-ff09-4577-8ef2-a5facf6dfa6d"

2018-09-26T06:10:48.191Z - warn: The Asset used by component "cc.Sprite" in prefab "PromptDialog.prefab" is missing. Detailed information:
Node path: "PromptDialog/btns/button_sure"
Asset url: "db://assets/Res/prefab/view/PromptDialog.prefab"
Missing uuid: "d23df4d5-b67a-4116-a46d-ff9f351a237d"

2018-09-26T06:10:48.191Z - warn: The Asset used by component "cc.Sprite" in prefab "PromptDialog.prefab" is missing. Detailed information:
Node path: "PromptDialog/btns/button_cancel"
Asset url: "db://assets/Res/prefab/view/PromptDialog.prefab"
Missing uuid: "444d6208-1986-4b5d-b48b-542642bcf1b7"

2018-09-26T06:10:48.191Z - warn: The Asset used by component "cc.Sprite" in prefab "PromptDialog.prefab" is missing. Detailed information:
Node path: "PromptDialog"
Asset url: "db://assets/Res/prefab/view/PromptDialog.prefab"
Missing uuid: "2deb2834-ba4f-4fa8-b220-e822f5fa1c9f"

2018-09-26T06:11:22.014Z - warn: Please specifiy a default value for "choiceIcon" property at its declaration: 😂
    // Before:
    @property(...)
    value;

    // After:
    @property(...)
    value = 0;
2018-09-26T06:11:22.014Z - warn: Please specifiy a default value for "morePower" property at its declaration: 😂
    // Before:
    @property(...)
    value;

    // After:
    @property(...)
    value = 0;
2018-09-26T06:11:22.018Z - warn: Please specifiy a default value for "loadingPrefab" property at its declaration: 😂
    // Before:
    @property(...)
    value;

    // After:
    @property(...)
    value = 0;
2018-09-26T06:11:22.019Z - warn: Please specifiy a default value for "startPrefab" property at its declaration: 😂
    // Before:
    @property(...)
    value;

    // After:
    @property(...)
    value = 0;
2018-09-26T06:11:22.021Z - warn: Please specifiy a default value for "headPrefab" property at its declaration: 😂
    // Before:
    @property(...)
    value;

    // After:
    @property(...)
    value = 0;
2018-09-26T06:11:22.021Z - warn: Please specifiy a default value for "otherRankItem" property at its declaration: 😂
    // Before:
    @property(...)
    value;

    // After:
    @property(...)
    value = 0;
2018-09-26T06:11:22.157Z - warn: The Asset used by component "cc.Sprite" in prefab "PromptDialog.prefab" is missing. Detailed information:
Node path: "PromptDialog/button_close"
Asset url: "db://assets/Res/prefab/view/PromptDialog.prefab"
Missing uuid: "815af676-ff09-4577-8ef2-a5facf6dfa6d"

2018-09-26T06:11:22.158Z - warn: The Asset used by component "cc.Sprite" in prefab "PromptDialog.prefab" is missing. Detailed information:
Node path: "PromptDialog/btns/button_sure"
Asset url: "db://assets/Res/prefab/view/PromptDialog.prefab"
Missing uuid: "d23df4d5-b67a-4116-a46d-ff9f351a237d"

2018-09-26T06:11:22.162Z - warn: The Asset used by component "cc.Sprite" in prefab "PromptDialog.prefab" is missing. Detailed information:
Node path: "PromptDialog/btns/button_cancel"
Asset url: "db://assets/Res/prefab/view/PromptDialog.prefab"
Missing uuid: "444d6208-1986-4b5d-b48b-542642bcf1b7"

2018-09-26T06:11:22.162Z - warn: The Asset used by component "cc.Sprite" in prefab "PromptDialog.prefab" is missing. Detailed information:
Node path: "PromptDialog"
Asset url: "db://assets/Res/prefab/view/PromptDialog.prefab"
Missing uuid: "2deb2834-ba4f-4fa8-b220-e822f5fa1c9f"

2018-09-26T06:11:41.479Z - warn: Please specifiy a default value for "choiceIcon" property at its declaration: 😂
    // Before:
    @property(...)
    value;

    // After:
    @property(...)
    value = 0;
2018-09-26T06:11:41.479Z - warn: Please specifiy a default value for "morePower" property at its declaration: 😂
    // Before:
    @property(...)
    value;

    // After:
    @property(...)
    value = 0;
2018-09-26T06:11:41.484Z - warn: Please specifiy a default value for "loadingPrefab" property at its declaration: 😂
    // Before:
    @property(...)
    value;

    // After:
    @property(...)
    value = 0;
2018-09-26T06:11:41.485Z - warn: Please specifiy a default value for "startPrefab" property at its declaration: 😂
    // Before:
    @property(...)
    value;

    // After:
    @property(...)
    value = 0;
2018-09-26T06:11:41.487Z - warn: Please specifiy a default value for "headPrefab" property at its declaration: 😂
    // Before:
    @property(...)
    value;

    // After:
    @property(...)
    value = 0;
2018-09-26T06:11:41.487Z - warn: Please specifiy a default value for "otherRankItem" property at its declaration: 😂
    // Before:
    @property(...)
    value;

    // After:
    @property(...)
    value = 0;
2018-09-26T06:11:41.599Z - warn: The Asset used by component "cc.Sprite" in prefab "PromptDialog.prefab" is missing. Detailed information:
Node path: "PromptDialog/button_close"
Asset url: "db://assets/Res/prefab/view/PromptDialog.prefab"
Missing uuid: "815af676-ff09-4577-8ef2-a5facf6dfa6d"

2018-09-26T06:11:41.599Z - warn: The Asset used by component "cc.Sprite" in prefab "PromptDialog.prefab" is missing. Detailed information:
Node path: "PromptDialog/btns/button_sure"
Asset url: "db://assets/Res/prefab/view/PromptDialog.prefab"
Missing uuid: "d23df4d5-b67a-4116-a46d-ff9f351a237d"

2018-09-26T06:11:41.600Z - warn: The Asset used by component "cc.Sprite" in prefab "PromptDialog.prefab" is missing. Detailed information:
Node path: "PromptDialog/btns/button_cancel"
Asset url: "db://assets/Res/prefab/view/PromptDialog.prefab"
Missing uuid: "444d6208-1986-4b5d-b48b-542642bcf1b7"

2018-09-26T06:11:41.600Z - warn: The Asset used by component "cc.Sprite" in prefab "PromptDialog.prefab" is missing. Detailed information:
Node path: "PromptDialog"
Asset url: "db://assets/Res/prefab/view/PromptDialog.prefab"
Missing uuid: "2deb2834-ba4f-4fa8-b220-e822f5fa1c9f"

2018-09-26T06:12:29.291Z - warn: Please specifiy a default value for "choiceIcon" property at its declaration: 😂
    // Before:
    @property(...)
    value;

    // After:
    @property(...)
    value = 0;
2018-09-26T06:12:29.292Z - warn: Please specifiy a default value for "morePower" property at its declaration: 😂
    // Before:
    @property(...)
    value;

    // After:
    @property(...)
    value = 0;
2018-09-26T06:12:29.297Z - warn: Please specifiy a default value for "loadingPrefab" property at its declaration: 😂
    // Before:
    @property(...)
    value;

    // After:
    @property(...)
    value = 0;
2018-09-26T06:12:29.297Z - warn: Please specifiy a default value for "startPrefab" property at its declaration: 😂
    // Before:
    @property(...)
    value;

    // After:
    @property(...)
    value = 0;
2018-09-26T06:12:29.299Z - warn: Please specifiy a default value for "headPrefab" property at its declaration: 😂
    // Before:
    @property(...)
    value;

    // After:
    @property(...)
    value = 0;
2018-09-26T06:12:29.299Z - warn: Please specifiy a default value for "otherRankItem" property at its declaration: 😂
    // Before:
    @property(...)
    value;

    // After:
    @property(...)
    value = 0;
2018-09-26T06:12:29.435Z - warn: The Asset used by component "cc.Sprite" in prefab "PromptDialog.prefab" is missing. Detailed information:
Node path: "PromptDialog/button_close"
Asset url: "db://assets/Res/prefab/view/PromptDialog.prefab"
Missing uuid: "815af676-ff09-4577-8ef2-a5facf6dfa6d"

2018-09-26T06:12:29.436Z - warn: The Asset used by component "cc.Sprite" in prefab "PromptDialog.prefab" is missing. Detailed information:
Node path: "PromptDialog/btns/button_sure"
Asset url: "db://assets/Res/prefab/view/PromptDialog.prefab"
Missing uuid: "d23df4d5-b67a-4116-a46d-ff9f351a237d"

2018-09-26T06:12:29.436Z - warn: The Asset used by component "cc.Sprite" in prefab "PromptDialog.prefab" is missing. Detailed information:
Node path: "PromptDialog/btns/button_cancel"
Asset url: "db://assets/Res/prefab/view/PromptDialog.prefab"
Missing uuid: "444d6208-1986-4b5d-b48b-542642bcf1b7"

2018-09-26T06:12:29.437Z - warn: The Asset used by component "cc.Sprite" in prefab "PromptDialog.prefab" is missing. Detailed information:
Node path: "PromptDialog"
Asset url: "db://assets/Res/prefab/view/PromptDialog.prefab"
Missing uuid: "2deb2834-ba4f-4fa8-b220-e822f5fa1c9f"

2018-09-26T06:20:42.483Z - warn: Please specifiy a default value for "choiceIcon" property at its declaration: 😂
    // Before:
    @property(...)
    value;

    // After:
    @property(...)
    value = 0;
2018-09-26T06:20:42.486Z - warn: Please specifiy a default value for "morePower" property at its declaration: 😂
    // Before:
    @property(...)
    value;

    // After:
    @property(...)
    value = 0;
2018-09-26T06:20:42.486Z - warn: Please specifiy a default value for "loadingPrefab" property at its declaration: 😂
    // Before:
    @property(...)
    value;

    // After:
    @property(...)
    value = 0;
2018-09-26T06:20:42.486Z - warn: Please specifiy a default value for "startPrefab" property at its declaration: 😂
    // Before:
    @property(...)
    value;

    // After:
    @property(...)
    value = 0;
2018-09-26T06:20:42.486Z - warn: Please specifiy a default value for "headPrefab" property at its declaration: 😂
    // Before:
    @property(...)
    value;

    // After:
    @property(...)
    value = 0;
2018-09-26T06:20:42.486Z - warn: Please specifiy a default value for "otherRankItem" property at its declaration: 😂
    // Before:
    @property(...)
    value;

    // After:
    @property(...)
    value = 0;
2018-09-26T06:20:42.567Z - warn: The Asset used by component "cc.Sprite" in prefab "PromptDialog.prefab" is missing. Detailed information:
Node path: "PromptDialog/button_close"
Asset url: "db://assets/Res/prefab/view/PromptDialog.prefab"
Missing uuid: "815af676-ff09-4577-8ef2-a5facf6dfa6d"

2018-09-26T06:20:42.568Z - warn: The Asset used by component "cc.Sprite" in prefab "PromptDialog.prefab" is missing. Detailed information:
Node path: "PromptDialog/btns/button_sure"
Asset url: "db://assets/Res/prefab/view/PromptDialog.prefab"
Missing uuid: "d23df4d5-b67a-4116-a46d-ff9f351a237d"

2018-09-26T06:20:42.568Z - warn: The Asset used by component "cc.Sprite" in prefab "PromptDialog.prefab" is missing. Detailed information:
Node path: "PromptDialog/btns/button_cancel"
Asset url: "db://assets/Res/prefab/view/PromptDialog.prefab"
Missing uuid: "444d6208-1986-4b5d-b48b-542642bcf1b7"

2018-09-26T06:20:42.570Z - warn: The Asset used by component "cc.Sprite" in prefab "PromptDialog.prefab" is missing. Detailed information:
Node path: "PromptDialog"
Asset url: "db://assets/Res/prefab/view/PromptDialog.prefab"
Missing uuid: "2deb2834-ba4f-4fa8-b220-e822f5fa1c9f"

2018-09-26T06:24:21.676Z - warn: Please specifiy a default value for "choiceIcon" property at its declaration: 😂
    // Before:
    @property(...)
    value;

    // After:
    @property(...)
    value = 0;
2018-09-26T06:24:21.677Z - warn: Please specifiy a default value for "morePower" property at its declaration: 😂
    // Before:
    @property(...)
    value;

    // After:
    @property(...)
    value = 0;
2018-09-26T06:24:21.680Z - warn: Please specifiy a default value for "loadingPrefab" property at its declaration: 😂
    // Before:
    @property(...)
    value;

    // After:
    @property(...)
    value = 0;
2018-09-26T06:24:21.680Z - warn: Please specifiy a default value for "startPrefab" property at its declaration: 😂
    // Before:
    @property(...)
    value;

    // After:
    @property(...)
    value = 0;
2018-09-26T06:24:21.682Z - warn: Please specifiy a default value for "headPrefab" property at its declaration: 😂
    // Before:
    @property(...)
    value;

    // After:
    @property(...)
    value = 0;
2018-09-26T06:24:21.682Z - warn: Please specifiy a default value for "otherRankItem" property at its declaration: 😂
    // Before:
    @property(...)
    value;

    // After:
    @property(...)
    value = 0;
2018-09-26T06:24:21.834Z - warn: The Asset used by component "cc.Sprite" in prefab "PromptDialog.prefab" is missing. Detailed information:
Node path: "PromptDialog/button_close"
Asset url: "db://assets/Res/prefab/view/PromptDialog.prefab"
Missing uuid: "815af676-ff09-4577-8ef2-a5facf6dfa6d"

2018-09-26T06:24:21.834Z - warn: The Asset used by component "cc.Sprite" in prefab "PromptDialog.prefab" is missing. Detailed information:
Node path: "PromptDialog/btns/button_sure"
Asset url: "db://assets/Res/prefab/view/PromptDialog.prefab"
Missing uuid: "d23df4d5-b67a-4116-a46d-ff9f351a237d"

2018-09-26T06:24:21.842Z - warn: The Asset used by component "cc.Sprite" in prefab "PromptDialog.prefab" is missing. Detailed information:
Node path: "PromptDialog/btns/button_cancel"
Asset url: "db://assets/Res/prefab/view/PromptDialog.prefab"
Missing uuid: "444d6208-1986-4b5d-b48b-542642bcf1b7"

2018-09-26T06:24:21.845Z - warn: The Asset used by component "cc.Sprite" in prefab "PromptDialog.prefab" is missing. Detailed information:
Node path: "PromptDialog"
Asset url: "db://assets/Res/prefab/view/PromptDialog.prefab"
Missing uuid: "2deb2834-ba4f-4fa8-b220-e822f5fa1c9f"

2018-09-26T06:28:14.578Z - warn: Please specifiy a default value for "choiceIcon" property at its declaration: 😂
    // Before:
    @property(...)
    value;

    // After:
    @property(...)
    value = 0;
2018-09-26T06:28:14.579Z - warn: Please specifiy a default value for "morePower" property at its declaration: 😂
    // Before:
    @property(...)
    value;

    // After:
    @property(...)
    value = 0;
2018-09-26T06:28:14.585Z - warn: Please specifiy a default value for "loadingPrefab" property at its declaration: 😂
    // Before:
    @property(...)
    value;

    // After:
    @property(...)
    value = 0;
2018-09-26T06:28:14.585Z - warn: Please specifiy a default value for "startPrefab" property at its declaration: 😂
    // Before:
    @property(...)
    value;

    // After:
    @property(...)
    value = 0;
2018-09-26T06:28:14.587Z - warn: Please specifiy a default value for "headPrefab" property at its declaration: 😂
    // Before:
    @property(...)
    value;

    // After:
    @property(...)
    value = 0;
2018-09-26T06:28:14.587Z - warn: Please specifiy a default value for "otherRankItem" property at its declaration: 😂
    // Before:
    @property(...)
    value;

    // After:
    @property(...)
    value = 0;
2018-09-26T06:28:14.741Z - warn: The Asset used by component "cc.Sprite" in prefab "PromptDialog.prefab" is missing. Detailed information:
Node path: "PromptDialog/button_close"
Asset url: "db://assets/Res/prefab/view/PromptDialog.prefab"
Missing uuid: "815af676-ff09-4577-8ef2-a5facf6dfa6d"

2018-09-26T06:28:14.742Z - warn: The Asset used by component "cc.Sprite" in prefab "PromptDialog.prefab" is missing. Detailed information:
Node path: "PromptDialog/btns/button_sure"
Asset url: "db://assets/Res/prefab/view/PromptDialog.prefab"
Missing uuid: "d23df4d5-b67a-4116-a46d-ff9f351a237d"

2018-09-26T06:28:14.742Z - warn: The Asset used by component "cc.Sprite" in prefab "PromptDialog.prefab" is missing. Detailed information:
Node path: "PromptDialog/btns/button_cancel"
Asset url: "db://assets/Res/prefab/view/PromptDialog.prefab"
Missing uuid: "444d6208-1986-4b5d-b48b-542642bcf1b7"

2018-09-26T06:28:14.742Z - warn: The Asset used by component "cc.Sprite" in prefab "PromptDialog.prefab" is missing. Detailed information:
Node path: "PromptDialog"
Asset url: "db://assets/Res/prefab/view/PromptDialog.prefab"
Missing uuid: "2deb2834-ba4f-4fa8-b220-e822f5fa1c9f"

2018-09-26T06:29:25.475Z - warn: Please specifiy a default value for "choiceIcon" property at its declaration: 😂
    // Before:
    @property(...)
    value;

    // After:
    @property(...)
    value = 0;
2018-09-26T06:29:25.477Z - warn: Please specifiy a default value for "morePower" property at its declaration: 😂
    // Before:
    @property(...)
    value;

    // After:
    @property(...)
    value = 0;
2018-09-26T06:29:25.482Z - warn: Please specifiy a default value for "loadingPrefab" property at its declaration: 😂
    // Before:
    @property(...)
    value;

    // After:
    @property(...)
    value = 0;
2018-09-26T06:29:25.483Z - warn: Please specifiy a default value for "startPrefab" property at its declaration: 😂
    // Before:
    @property(...)
    value;

    // After:
    @property(...)
    value = 0;
2018-09-26T06:29:25.486Z - warn: Please specifiy a default value for "headPrefab" property at its declaration: 😂
    // Before:
    @property(...)
    value;

    // After:
    @property(...)
    value = 0;
2018-09-26T06:29:25.486Z - warn: Please specifiy a default value for "otherRankItem" property at its declaration: 😂
    // Before:
    @property(...)
    value;

    // After:
    @property(...)
    value = 0;
2018-09-26T06:29:25.638Z - warn: The Asset used by component "cc.Sprite" in prefab "PromptDialog.prefab" is missing. Detailed information:
Node path: "PromptDialog/button_close"
Asset url: "db://assets/Res/prefab/view/PromptDialog.prefab"
Missing uuid: "815af676-ff09-4577-8ef2-a5facf6dfa6d"

2018-09-26T06:29:25.638Z - warn: The Asset used by component "cc.Sprite" in prefab "PromptDialog.prefab" is missing. Detailed information:
Node path: "PromptDialog/btns/button_sure"
Asset url: "db://assets/Res/prefab/view/PromptDialog.prefab"
Missing uuid: "d23df4d5-b67a-4116-a46d-ff9f351a237d"

2018-09-26T06:29:25.639Z - warn: The Asset used by component "cc.Sprite" in prefab "PromptDialog.prefab" is missing. Detailed information:
Node path: "PromptDialog/btns/button_cancel"
Asset url: "db://assets/Res/prefab/view/PromptDialog.prefab"
Missing uuid: "444d6208-1986-4b5d-b48b-542642bcf1b7"

2018-09-26T06:29:25.639Z - warn: The Asset used by component "cc.Sprite" in prefab "PromptDialog.prefab" is missing. Detailed information:
Node path: "PromptDialog"
Asset url: "db://assets/Res/prefab/view/PromptDialog.prefab"
Missing uuid: "2deb2834-ba4f-4fa8-b220-e822f5fa1c9f"

2018-09-26T06:30:55.476Z - warn: Please specifiy a default value for "choiceIcon" property at its declaration: 😂
    // Before:
    @property(...)
    value;

    // After:
    @property(...)
    value = 0;
2018-09-26T06:30:55.477Z - warn: Please specifiy a default value for "morePower" property at its declaration: 😂
    // Before:
    @property(...)
    value;

    // After:
    @property(...)
    value = 0;
2018-09-26T06:30:55.549Z - warn: Please specifiy a default value for "loadingPrefab" property at its declaration: 😂
    // Before:
    @property(...)
    value;

    // After:
    @property(...)
    value = 0;
2018-09-26T06:30:55.549Z - warn: Please specifiy a default value for "startPrefab" property at its declaration: 😂
    // Before:
    @property(...)
    value;

    // After:
    @property(...)
    value = 0;
2018-09-26T06:30:55.549Z - warn: Please specifiy a default value for "headPrefab" property at its declaration: 😂
    // Before:
    @property(...)
    value;

    // After:
    @property(...)
    value = 0;
2018-09-26T06:30:55.549Z - warn: Please specifiy a default value for "otherRankItem" property at its declaration: 😂
    // Before:
    @property(...)
    value;

    // After:
    @property(...)
    value = 0;
2018-09-26T06:30:55.624Z - warn: The Asset used by component "cc.Sprite" in prefab "PromptDialog.prefab" is missing. Detailed information:
Node path: "PromptDialog/button_close"
Asset url: "db://assets/Res/prefab/view/PromptDialog.prefab"
Missing uuid: "815af676-ff09-4577-8ef2-a5facf6dfa6d"

2018-09-26T06:30:55.624Z - warn: The Asset used by component "cc.Sprite" in prefab "PromptDialog.prefab" is missing. Detailed information:
Node path: "PromptDialog/btns/button_sure"
Asset url: "db://assets/Res/prefab/view/PromptDialog.prefab"
Missing uuid: "d23df4d5-b67a-4116-a46d-ff9f351a237d"

2018-09-26T06:30:55.624Z - warn: The Asset used by component "cc.Sprite" in prefab "PromptDialog.prefab" is missing. Detailed information:
Node path: "PromptDialog/btns/button_cancel"
Asset url: "db://assets/Res/prefab/view/PromptDialog.prefab"
Missing uuid: "444d6208-1986-4b5d-b48b-542642bcf1b7"

2018-09-26T06:30:55.625Z - warn: The Asset used by component "cc.Sprite" in prefab "PromptDialog.prefab" is missing. Detailed information:
Node path: "PromptDialog"
Asset url: "db://assets/Res/prefab/view/PromptDialog.prefab"
Missing uuid: "2deb2834-ba4f-4fa8-b220-e822f5fa1c9f"

2018-09-26T06:32:16.441Z - warn: Please specifiy a default value for "choiceIcon" property at its declaration: 😂
    // Before:
    @property(...)
    value;

    // After:
    @property(...)
    value = 0;
2018-09-26T06:32:16.442Z - warn: Please specifiy a default value for "morePower" property at its declaration: 😂
    // Before:
    @property(...)
    value;

    // After:
    @property(...)
    value = 0;
2018-09-26T06:32:16.447Z - warn: Please specifiy a default value for "loadingPrefab" property at its declaration: 😂
    // Before:
    @property(...)
    value;

    // After:
    @property(...)
    value = 0;
2018-09-26T06:32:16.447Z - warn: Please specifiy a default value for "startPrefab" property at its declaration: 😂
    // Before:
    @property(...)
    value;

    // After:
    @property(...)
    value = 0;
2018-09-26T06:32:16.448Z - warn: Please specifiy a default value for "headPrefab" property at its declaration: 😂
    // Before:
    @property(...)
    value;

    // After:
    @property(...)
    value = 0;
2018-09-26T06:32:16.448Z - warn: Please specifiy a default value for "otherRankItem" property at its declaration: 😂
    // Before:
    @property(...)
    value;

    // After:
    @property(...)
    value = 0;
2018-09-26T06:32:16.589Z - warn: The Asset used by component "cc.Sprite" in prefab "PromptDialog.prefab" is missing. Detailed information:
Node path: "PromptDialog/button_close"
Asset url: "db://assets/Res/prefab/view/PromptDialog.prefab"
Missing uuid: "815af676-ff09-4577-8ef2-a5facf6dfa6d"

2018-09-26T06:32:16.589Z - warn: The Asset used by component "cc.Sprite" in prefab "PromptDialog.prefab" is missing. Detailed information:
Node path: "PromptDialog/btns/button_sure"
Asset url: "db://assets/Res/prefab/view/PromptDialog.prefab"
Missing uuid: "d23df4d5-b67a-4116-a46d-ff9f351a237d"

2018-09-26T06:32:16.592Z - warn: The Asset used by component "cc.Sprite" in prefab "PromptDialog.prefab" is missing. Detailed information:
Node path: "PromptDialog/btns/button_cancel"
Asset url: "db://assets/Res/prefab/view/PromptDialog.prefab"
Missing uuid: "444d6208-1986-4b5d-b48b-542642bcf1b7"

2018-09-26T06:32:16.594Z - warn: The Asset used by component "cc.Sprite" in prefab "PromptDialog.prefab" is missing. Detailed information:
Node path: "PromptDialog"
Asset url: "db://assets/Res/prefab/view/PromptDialog.prefab"
Missing uuid: "2deb2834-ba4f-4fa8-b220-e822f5fa1c9f"

2018-09-26T06:32:32.683Z - normal: Start building with options : {
  "androidStudio": true,
  "apiLevel": "",
  "appABIs": [],
  "appKey": "",
  "appSecret": "",
  "buildPath": "F:\\developGame\\duopaiGame\\mindStorm2\\build",
  "debug": false,
  "dest": "F:\\developGame\\duopaiGame\\mindStorm2\\build\\wechatgame",
  "encryptJs": true,
  "excludeScenes": [],
  "excludedModules": [
    "TiledMap",
    "VideoPlayer",
    "WebView",
    "RichText",
    "DragonBones",
    "RenderTexture",
    "Chipmunk",
    "Camera"
  ],
  "fb-instant-games": {},
  "includeAnySDK": false,
  "includeEruda": false,
  "includeSDKBox": false,
  "inlineSpriteFrames": true,
  "inlineSpriteFrames_native": true,
  "jailbreakPlatform": false,
  "md5Cache": false,
  "mergeStartScene": false,
  "oauthLoginServer": "",
  "optimizeHotUpdate": false,
  "orientation": {
    "landscapeLeft": true,
    "landscapeRight": true,
    "portrait": false,
    "upsideDown": false
  },
  "packageName": "org.cocos2d.helloworld",
  "platform": "wechatgame",
  "previewHeight": "720",
  "previewWidth": "1280",
  "privateKey": "",
  "qqplay": {
    "REMOTE_SERVER_ROOT": "",
    "orientation": "portrait"
  },
  "renderMode": "0",
  "scenes": [
    "e7c4c2fe-2349-46fc-8da8-f3bc3a3661b0",
    "bb5b00a5-8f96-459e-81b4-6d04a7d42443"
  ],
  "sourceMaps": false,
  "startScene": "e7c4c2fe-2349-46fc-8da8-f3bc3a3661b0",
  "template": "link",
  "title": "mindStorm2",
  "useDebugKeystore": true,
  "vsVersion": "auto",
  "webOrientation": "auto",
  "wechatgame": {
    "REMOTE_SERVER_ROOT": "",
    "appid": "wx4a04b7974746cb2f",
    "isSubdomain": false,
    "orientation": "portrait",
    "subContext": ""
  },
  "xxteaKey": "eae37e1b-3e2d-4c",
  "zipCompressJs": true,
  "project": "F:\\developGame\\duopaiGame\\mindStorm2",
  "projectName": "mindStorm2",
  "debugBuildWorker": false
}
2018-09-26T06:32:32.690Z - normal: Building F:\developGame\duopaiGame\mindStorm2
2018-09-26T06:32:32.691Z - normal: Destination F:\developGame\duopaiGame\mindStorm2\build\wechatgame
2018-09-26T06:32:32.951Z - normal: Delete F:\developGame\duopaiGame\mindStorm2\build\wechatgame\**\*
2018-09-26T06:32:36.158Z - normal: Compiled project javascript file successfully
2018-09-26T06:32:36.159Z - normal: Start building assets
2018-09-26T06:32:36.159Z - normal: Start spawn build-worker
2018-09-26T06:32:36.746Z - normal: Finish spawn build-worker
2018-09-26T06:32:36.747Z - normal: Start init build-worker
2018-09-26T06:32:38.502Z - normal: 1.9.1
2018-09-26T06:32:38.603Z - normal: Finish init build-worker
2018-09-26T06:32:38.603Z - normal: Start build-assets in worker
2018-09-26T06:32:38.993Z - warn: The referenced asset used in "db://assets/Res/prefab/view/PromptDialog.prefab" is not found, it may have been deleted. Detailed information:
Node path: "PromptDialog/button_close"
Used in Component: "cc.Sprite"
uuid: "815af676-ff09-4577-8ef2-a5facf6dfa6d"
2018-09-26T06:32:38.995Z - warn: The referenced asset used in "db://assets/Res/prefab/view/PromptDialog.prefab" is not found, it may have been deleted. Detailed information:
Node path: "PromptDialog/btns/button_sure"
Used in Component: "cc.Sprite"
uuid: "d23df4d5-b67a-4116-a46d-ff9f351a237d"
2018-09-26T06:32:38.995Z - warn: The referenced asset used in "db://assets/Res/prefab/view/PromptDialog.prefab" is not found, it may have been deleted. Detailed information:
Node path: "PromptDialog/btns/button_cancel"
Used in Component: "cc.Sprite"
uuid: "444d6208-1986-4b5d-b48b-542642bcf1b7"
2018-09-26T06:32:38.996Z - warn: The referenced asset used in "db://assets/Res/prefab/view/PromptDialog.prefab" is not found, it may have been deleted. Detailed information:
Node path: "PromptDialog"
Used in Component: "cc.Sprite"
uuid: "2deb2834-ba4f-4fa8-b220-e822f5fa1c9f"
2018-09-26T06:32:39.299Z - normal: Finish build-assets in worker
2018-09-26T06:32:39.304Z - normal: Finish building assets
2018-09-26T06:32:39.335Z - normal: Start building raw assets
2018-09-26T06:32:39.336Z - normal: Start building plugin scripts
2018-09-26T06:32:39.483Z - normal: Finish building raw assets
2018-09-26T06:32:39.487Z - normal: Generating main.js from C:\CocosCreator\resources\static\build-templates\shares\main.js
2018-09-26T06:32:39.535Z - normal: Built to "F:\developGame\duopaiGame\mindStorm2\build\wechatgame" successfully
2018-09-26T06:33:07.688Z - normal: Start building with options : {
  "androidStudio": true,
  "apiLevel": "",
  "appABIs": [],
  "appKey": "",
  "appSecret": "",
  "buildPath": "F:\\developGame\\duopaiGame\\mindStorm2\\build",
  "debug": false,
  "dest": "F:\\developGame\\duopaiGame\\mindStorm2\\build\\wechatgame",
  "encryptJs": true,
  "excludeScenes": [],
  "excludedModules": [
    "TiledMap",
    "VideoPlayer",
    "WebView",
    "RichText",
    "DragonBones",
    "RenderTexture",
    "Chipmunk",
    "Camera"
  ],
  "fb-instant-games": {},
  "includeAnySDK": false,
  "includeEruda": false,
  "includeSDKBox": false,
  "inlineSpriteFrames": true,
  "inlineSpriteFrames_native": true,
  "jailbreakPlatform": false,
  "md5Cache": false,
  "mergeStartScene": false,
  "oauthLoginServer": "",
  "optimizeHotUpdate": false,
  "orientation": {
    "landscapeLeft": true,
    "landscapeRight": true,
    "portrait": false,
    "upsideDown": false
  },
  "packageName": "org.cocos2d.helloworld",
  "platform": "wechatgame",
  "previewHeight": "720",
  "previewWidth": "1280",
  "privateKey": "",
  "qqplay": {
    "REMOTE_SERVER_ROOT": "",
    "orientation": "portrait"
  },
  "renderMode": "0",
  "scenes": [
    "e7c4c2fe-2349-46fc-8da8-f3bc3a3661b0",
    "bb5b00a5-8f96-459e-81b4-6d04a7d42443"
  ],
  "sourceMaps": false,
  "startScene": "e7c4c2fe-2349-46fc-8da8-f3bc3a3661b0",
  "template": "link",
  "title": "mindStorm2",
  "useDebugKeystore": true,
  "vsVersion": "auto",
  "webOrientation": "auto",
  "wechatgame": {
    "REMOTE_SERVER_ROOT": "",
    "appid": "wx4a04b7974746cb2f",
    "isSubdomain": false,
    "orientation": "portrait",
    "subContext": ""
  },
  "xxteaKey": "eae37e1b-3e2d-4c",
  "zipCompressJs": true,
  "project": "F:\\developGame\\duopaiGame\\mindStorm2",
  "projectName": "mindStorm2",
  "debugBuildWorker": false
}
2018-09-26T06:33:07.697Z - normal: Building F:\developGame\duopaiGame\mindStorm2
2018-09-26T06:33:07.698Z - normal: Destination F:\developGame\duopaiGame\mindStorm2\build\wechatgame
2018-09-26T06:33:07.699Z - normal: Delete F:\developGame\duopaiGame\mindStorm2\build\wechatgame\**\*
2018-09-26T06:33:12.197Z - normal: Compiled project javascript file successfully
2018-09-26T06:33:12.198Z - normal: Start building assets
2018-09-26T06:33:12.198Z - normal: Start spawn build-worker
2018-09-26T06:33:12.799Z - normal: Finish spawn build-worker
2018-09-26T06:33:12.799Z - normal: Start init build-worker
2018-09-26T06:33:14.599Z - normal: 1.9.1
2018-09-26T06:33:14.700Z - normal: Finish init build-worker
2018-09-26T06:33:14.700Z - normal: Start build-assets in worker
2018-09-26T06:33:15.452Z - warn: The referenced asset used in "db://assets/Res/prefab/view/PromptDialog.prefab" is not found, it may have been deleted. Detailed information:
Node path: "PromptDialog/button_close"
Used in Component: "cc.Sprite"
uuid: "815af676-ff09-4577-8ef2-a5facf6dfa6d"
2018-09-26T06:33:15.454Z - warn: The referenced asset used in "db://assets/Res/prefab/view/PromptDialog.prefab" is not found, it may have been deleted. Detailed information:
Node path: "PromptDialog/btns/button_sure"
Used in Component: "cc.Sprite"
uuid: "d23df4d5-b67a-4116-a46d-ff9f351a237d"
2018-09-26T06:33:15.455Z - warn: The referenced asset used in "db://assets/Res/prefab/view/PromptDialog.prefab" is not found, it may have been deleted. Detailed information:
Node path: "PromptDialog/btns/button_cancel"
Used in Component: "cc.Sprite"
uuid: "444d6208-1986-4b5d-b48b-542642bcf1b7"
2018-09-26T06:33:15.457Z - warn: The referenced asset used in "db://assets/Res/prefab/view/PromptDialog.prefab" is not found, it may have been deleted. Detailed information:
Node path: "PromptDialog"
Used in Component: "cc.Sprite"
uuid: "2deb2834-ba4f-4fa8-b220-e822f5fa1c9f"
2018-09-26T06:33:15.870Z - normal: Finish build-assets in worker
2018-09-26T06:33:15.875Z - normal: Finish building assets
2018-09-26T06:33:15.905Z - normal: Start building raw assets
2018-09-26T06:33:15.906Z - normal: Start building plugin scripts
2018-09-26T06:33:15.982Z - normal: Finish building raw assets
2018-09-26T06:33:16.016Z - normal: Generating main.js from C:\CocosCreator\resources\static\build-templates\shares\main.js
2018-09-26T06:33:16.115Z - normal: Built to "F:\developGame\duopaiGame\mindStorm2\build\wechatgame" successfully
2018-09-26T06:34:27.409Z - warn: Please specifiy a default value for "choiceIcon" property at its declaration: 😂
    // Before:
    @property(...)
    value;

    // After:
    @property(...)
    value = 0;
2018-09-26T06:34:27.412Z - warn: Please specifiy a default value for "morePower" property at its declaration: 😂
    // Before:
    @property(...)
    value;

    // After:
    @property(...)
    value = 0;
2018-09-26T06:34:27.509Z - warn: Please specifiy a default value for "loadingPrefab" property at its declaration: 😂
    // Before:
    @property(...)
    value;

    // After:
    @property(...)
    value = 0;
2018-09-26T06:34:27.509Z - warn: Please specifiy a default value for "startPrefab" property at its declaration: 😂
    // Before:
    @property(...)
    value;

    // After:
    @property(...)
    value = 0;
2018-09-26T06:34:27.509Z - warn: Please specifiy a default value for "headPrefab" property at its declaration: 😂
    // Before:
    @property(...)
    value;

    // After:
    @property(...)
    value = 0;
2018-09-26T06:34:27.511Z - warn: Please specifiy a default value for "otherRankItem" property at its declaration: 😂
    // Before:
    @property(...)
    value;

    // After:
    @property(...)
    value = 0;
2018-09-26T06:34:27.638Z - warn: The Asset used by component "cc.Sprite" in prefab "PromptDialog.prefab" is missing. Detailed information:
Node path: "PromptDialog/button_close"
Asset url: "db://assets/Res/prefab/view/PromptDialog.prefab"
Missing uuid: "815af676-ff09-4577-8ef2-a5facf6dfa6d"

2018-09-26T06:34:27.638Z - warn: The Asset used by component "cc.Sprite" in prefab "PromptDialog.prefab" is missing. Detailed information:
Node path: "PromptDialog/btns/button_sure"
Asset url: "db://assets/Res/prefab/view/PromptDialog.prefab"
Missing uuid: "d23df4d5-b67a-4116-a46d-ff9f351a237d"

2018-09-26T06:34:27.639Z - warn: The Asset used by component "cc.Sprite" in prefab "PromptDialog.prefab" is missing. Detailed information:
Node path: "PromptDialog/btns/button_cancel"
Asset url: "db://assets/Res/prefab/view/PromptDialog.prefab"
Missing uuid: "444d6208-1986-4b5d-b48b-542642bcf1b7"

2018-09-26T06:34:27.640Z - warn: The Asset used by component "cc.Sprite" in prefab "PromptDialog.prefab" is missing. Detailed information:
Node path: "PromptDialog"
Asset url: "db://assets/Res/prefab/view/PromptDialog.prefab"
Missing uuid: "2deb2834-ba4f-4fa8-b220-e822f5fa1c9f"

2018-09-26T06:34:30.379Z - normal: Start building with options : {
  "androidStudio": true,
  "apiLevel": "",
  "appABIs": [],
  "appKey": "",
  "appSecret": "",
  "buildPath": "F:\\developGame\\duopaiGame\\mindStorm2\\build",
  "debug": false,
  "dest": "F:\\developGame\\duopaiGame\\mindStorm2\\build\\wechatgame",
  "encryptJs": true,
  "excludeScenes": [],
  "excludedModules": [
    "TiledMap",
    "VideoPlayer",
    "WebView",
    "RichText",
    "DragonBones",
    "RenderTexture",
    "Chipmunk",
    "Camera"
  ],
  "fb-instant-games": {},
  "includeAnySDK": false,
  "includeEruda": false,
  "includeSDKBox": false,
  "inlineSpriteFrames": true,
  "inlineSpriteFrames_native": true,
  "jailbreakPlatform": false,
  "md5Cache": false,
  "mergeStartScene": false,
  "oauthLoginServer": "",
  "optimizeHotUpdate": false,
  "orientation": {
    "landscapeLeft": true,
    "landscapeRight": true,
    "portrait": false,
    "upsideDown": false
  },
  "packageName": "org.cocos2d.helloworld",
  "platform": "wechatgame",
  "previewHeight": "720",
  "previewWidth": "1280",
  "privateKey": "",
  "qqplay": {
    "REMOTE_SERVER_ROOT": "",
    "orientation": "portrait"
  },
  "renderMode": "0",
  "scenes": [
    "e7c4c2fe-2349-46fc-8da8-f3bc3a3661b0",
    "bb5b00a5-8f96-459e-81b4-6d04a7d42443"
  ],
  "sourceMaps": false,
  "startScene": "e7c4c2fe-2349-46fc-8da8-f3bc3a3661b0",
  "template": "link",
  "title": "mindStorm2",
  "useDebugKeystore": true,
  "vsVersion": "auto",
  "webOrientation": "auto",
  "wechatgame": {
    "REMOTE_SERVER_ROOT": "",
    "appid": "wx4a04b7974746cb2f",
    "isSubdomain": false,
    "orientation": "portrait",
    "subContext": ""
  },
  "xxteaKey": "eae37e1b-3e2d-4c",
  "zipCompressJs": true,
  "project": "F:\\developGame\\duopaiGame\\mindStorm2",
  "projectName": "mindStorm2",
  "debugBuildWorker": false
}
2018-09-26T06:34:30.385Z - normal: Building F:\developGame\duopaiGame\mindStorm2
2018-09-26T06:34:30.385Z - normal: Destination F:\developGame\duopaiGame\mindStorm2\build\wechatgame
2018-09-26T06:34:30.387Z - normal: Delete F:\developGame\duopaiGame\mindStorm2\build\wechatgame\**\*
2018-09-26T06:34:35.575Z - normal: Compiled project javascript file successfully
2018-09-26T06:34:35.575Z - normal: Start building assets
2018-09-26T06:34:35.575Z - normal: Start spawn build-worker
2018-09-26T06:34:36.172Z - normal: Finish spawn build-worker
2018-09-26T06:34:36.172Z - normal: Start init build-worker
2018-09-26T06:34:37.968Z - normal: 1.9.1
2018-09-26T06:34:38.071Z - normal: Finish init build-worker
2018-09-26T06:34:38.072Z - normal: Start build-assets in worker
2018-09-26T06:34:38.782Z - warn: The referenced asset used in "db://assets/Res/prefab/view/PromptDialog.prefab" is not found, it may have been deleted. Detailed information:
Node path: "PromptDialog/button_close"
Used in Component: "cc.Sprite"
uuid: "815af676-ff09-4577-8ef2-a5facf6dfa6d"
2018-09-26T06:34:38.784Z - warn: The referenced asset used in "db://assets/Res/prefab/view/PromptDialog.prefab" is not found, it may have been deleted. Detailed information:
Node path: "PromptDialog/btns/button_sure"
Used in Component: "cc.Sprite"
uuid: "d23df4d5-b67a-4116-a46d-ff9f351a237d"
2018-09-26T06:34:38.786Z - warn: The referenced asset used in "db://assets/Res/prefab/view/PromptDialog.prefab" is not found, it may have been deleted. Detailed information:
Node path: "PromptDialog/btns/button_cancel"
Used in Component: "cc.Sprite"
uuid: "444d6208-1986-4b5d-b48b-542642bcf1b7"
2018-09-26T06:34:38.788Z - warn: The referenced asset used in "db://assets/Res/prefab/view/PromptDialog.prefab" is not found, it may have been deleted. Detailed information:
Node path: "PromptDialog"
Used in Component: "cc.Sprite"
uuid: "2deb2834-ba4f-4fa8-b220-e822f5fa1c9f"
2018-09-26T06:34:39.246Z - normal: Finish build-assets in worker
2018-09-26T06:34:39.252Z - normal: Finish building assets
2018-09-26T06:34:39.282Z - normal: Start building raw assets
2018-09-26T06:34:39.283Z - normal: Start building plugin scripts
2018-09-26T06:34:39.354Z - normal: Finish building raw assets
2018-09-26T06:34:39.357Z - normal: Generating main.js from C:\CocosCreator\resources\static\build-templates\shares\main.js
2018-09-26T06:34:39.431Z - normal: Built to "F:\developGame\duopaiGame\mindStorm2\build\wechatgame" successfully
2018-09-26T06:47:02.605Z - warn: Please specifiy a default value for "choiceIcon" property at its declaration: 😂
    // Before:
    @property(...)
    value;

    // After:
    @property(...)
    value = 0;
2018-09-26T06:47:02.607Z - warn: Please specifiy a default value for "morePower" property at its declaration: 😂
    // Before:
    @property(...)
    value;

    // After:
    @property(...)
    value = 0;
2018-09-26T06:47:02.616Z - warn: Please specifiy a default value for "loadingPrefab" property at its declaration: 😂
    // Before:
    @property(...)
    value;

    // After:
    @property(...)
    value = 0;
2018-09-26T06:47:02.616Z - warn: Please specifiy a default value for "startPrefab" property at its declaration: 😂
    // Before:
    @property(...)
    value;

    // After:
    @property(...)
    value = 0;
2018-09-26T06:47:02.619Z - warn: Please specifiy a default value for "headPrefab" property at its declaration: 😂
    // Before:
    @property(...)
    value;

    // After:
    @property(...)
    value = 0;
2018-09-26T06:47:02.619Z - warn: Please specifiy a default value for "otherRankItem" property at its declaration: 😂
    // Before:
    @property(...)
    value;

    // After:
    @property(...)
    value = 0;
2018-09-26T06:47:02.711Z - warn: The Asset used by component "cc.Sprite" in prefab "PromptDialog.prefab" is missing. Detailed information:
Node path: "PromptDialog/button_close"
Asset url: "db://assets/Res/prefab/view/PromptDialog.prefab"
Missing uuid: "815af676-ff09-4577-8ef2-a5facf6dfa6d"

2018-09-26T06:47:02.712Z - warn: The Asset used by component "cc.Sprite" in prefab "PromptDialog.prefab" is missing. Detailed information:
Node path: "PromptDialog/btns/button_sure"
Asset url: "db://assets/Res/prefab/view/PromptDialog.prefab"
Missing uuid: "d23df4d5-b67a-4116-a46d-ff9f351a237d"

2018-09-26T06:47:02.712Z - warn: The Asset used by component "cc.Sprite" in prefab "PromptDialog.prefab" is missing. Detailed information:
Node path: "PromptDialog/btns/button_cancel"
Asset url: "db://assets/Res/prefab/view/PromptDialog.prefab"
Missing uuid: "444d6208-1986-4b5d-b48b-542642bcf1b7"

2018-09-26T06:47:02.713Z - warn: The Asset used by component "cc.Sprite" in prefab "PromptDialog.prefab" is missing. Detailed information:
Node path: "PromptDialog"
Asset url: "db://assets/Res/prefab/view/PromptDialog.prefab"
Missing uuid: "2deb2834-ba4f-4fa8-b220-e822f5fa1c9f"

2018-09-26T07:08:39.863Z - warn: Please specifiy a default value for "choiceIcon" property at its declaration: 😂
    // Before:
    @property(...)
    value;

    // After:
    @property(...)
    value = 0;
2018-09-26T07:08:39.865Z - warn: Please specifiy a default value for "morePower" property at its declaration: 😂
    // Before:
    @property(...)
    value;

    // After:
    @property(...)
    value = 0;
2018-09-26T07:08:39.869Z - warn: Please specifiy a default value for "loadingPrefab" property at its declaration: 😂
    // Before:
    @property(...)
    value;

    // After:
    @property(...)
    value = 0;
2018-09-26T07:08:39.869Z - warn: Please specifiy a default value for "startPrefab" property at its declaration: 😂
    // Before:
    @property(...)
    value;

    // After:
    @property(...)
    value = 0;
2018-09-26T07:08:39.871Z - warn: Please specifiy a default value for "headPrefab" property at its declaration: 😂
    // Before:
    @property(...)
    value;

    // After:
    @property(...)
    value = 0;
2018-09-26T07:08:39.871Z - warn: Please specifiy a default value for "otherRankItem" property at its declaration: 😂
    // Before:
    @property(...)
    value;

    // After:
    @property(...)
    value = 0;
2018-09-26T07:08:39.937Z - warn: The Asset used by component "cc.Sprite" in prefab "PromptDialog.prefab" is missing. Detailed information:
Node path: "PromptDialog/button_close"
Asset url: "db://assets/Res/prefab/view/PromptDialog.prefab"
Missing uuid: "815af676-ff09-4577-8ef2-a5facf6dfa6d"

2018-09-26T07:08:39.938Z - warn: The Asset used by component "cc.Sprite" in prefab "PromptDialog.prefab" is missing. Detailed information:
Node path: "PromptDialog/btns/button_sure"
Asset url: "db://assets/Res/prefab/view/PromptDialog.prefab"
Missing uuid: "d23df4d5-b67a-4116-a46d-ff9f351a237d"

2018-09-26T07:08:39.938Z - warn: The Asset used by component "cc.Sprite" in prefab "PromptDialog.prefab" is missing. Detailed information:
Node path: "PromptDialog/btns/button_cancel"
Asset url: "db://assets/Res/prefab/view/PromptDialog.prefab"
Missing uuid: "444d6208-1986-4b5d-b48b-542642bcf1b7"

2018-09-26T07:08:39.938Z - warn: The Asset used by component "cc.Sprite" in prefab "PromptDialog.prefab" is missing. Detailed information:
Node path: "PromptDialog"
Asset url: "db://assets/Res/prefab/view/PromptDialog.prefab"
Missing uuid: "2deb2834-ba4f-4fa8-b220-e822f5fa1c9f"

2018-09-26T07:08:43.313Z - info: shutdown preview server
